Using pre-set license
Built from '2021.1/release' branch; Version is '2021.1.1f1 (6fdc41dfa55a) revision 7330881'; Using compiler version '192528614'; Build Type 'Release'
OS: 'Windows 10 Home; OS build 22000.556; Version 2009; 64bit' Language: 'fr' Physical Memory: 16233 MB
BatchMode: 1, IsHumanControllingUs: 0, StartBugReporterOnCrash: 0, Is64bit: 1, IsPro: 0

 COMMAND LINE ARGUMENTS:
C:\Program Files\Unity\Hub\Editor\2021.1.1f1\Editor\Unity.exe
-adb2
-batchMode
-noUpm
-name
AssetImportWorker0
-projectPath
C:/Users/Sylvie/Desktop/TimeLine
-logFile
Logs/AssetImportWorker0.log
-srvPort
55682
Successfully changed project path to: C:/Users/Sylvie/Desktop/TimeLine
C:/Users/Sylvie/Desktop/TimeLine
Using Asset Import Pipeline V2.
Default GameObject Tag: Ground already registered

Refreshing native plugins compatible for Editor in 88.80 ms, found 2 plugins.
Preloading 0 native plugins for Editor in 0.00 ms.
Initialize engine version: 2021.1.1f1 (6fdc41dfa55a)
[Subsystems] Discovering subsystems at path C:/Program Files/Unity/Hub/Editor/2021.1.1f1/Editor/Data/Resources/UnitySubsystems
[Subsystems] Discovering subsystems at path C:/Users/Sylvie/Desktop/TimeLine/Assets
GfxDevice: creating device client; threaded=0; jobified=0
Direct3D:
    Version:  Direct3D 11.0 [level 11.1]
    Renderer: NVIDIA GeForce GTX 1660 Ti (ID=0x2191)
    Vendor:   NVIDIA
    VRAM:     5991 MB
    Driver:   30.0.15.1215
Initialize mono
Mono path[0] = 'C:/Program Files/Unity/Hub/Editor/2021.1.1f1/Editor/Data/Managed'
Mono path[1] = 'C:/Program Files/Unity/Hub/Editor/2021.1.1f1/Editor/Data/MonoBleedingEdge/lib/mono/unityjit'
Mono config path = 'C:/Program Files/Unity/Hub/Editor/2021.1.1f1/Editor/Data/MonoBleedingEdge/etc'
Using monoOptions --debugger-agent=transport=dt_socket,embedding=1,server=y,suspend=n,address=127.0.0.1:56920
Begin MonoManager ReloadAssembly
Registering precompiled unity dll's ...
Register platform support module: C:/Program Files/Unity/Hub/Editor/2021.1.1f1/Editor/Data/PlaybackEngines/WebGLSupport/UnityEditor.WebGL.Extensions.dll
Register platform support module: C:/Program Files/Unity/Hub/Editor/2021.1.1f1/Editor/Data/PlaybackEngines/WindowsStandaloneSupport/UnityEditor.WindowsStandalone.Extensions.dll
Registered in 0.001401 seconds.
Native extension for WindowsStandalone target not found
Native extension for WebGL target not found
Refreshing native plugins compatible for Editor in 91.12 ms, found 2 plugins.
Preloading 0 native plugins for Editor in 0.00 ms.
Mono: successfully reloaded assembly
- Completed reload, in  1.810 seconds
Platform modules already initialized, skipping
Registering precompiled user dll's ...
Registered in 0.003739 seconds.
Begin MonoManager ReloadAssembly
Native extension for WindowsStandalone target not found
Native extension for WebGL target not found
Refreshing native plugins compatible for Editor in 0.61 ms, found 2 plugins.
Preloading 0 native plugins for Editor in 0.00 ms.
Mono: successfully reloaded assembly
- Completed reload, in  0.973 seconds
Platform modules already initialized, skipping
========================================================================
Worker process is ready to serve import requests
Default GameObject Tag: Ground already registered

Launched and connected shader compiler UnityShaderCompiler.exe after 0.04 seconds
Refreshing native plugins compatible for Editor in 0.65 ms, found 2 plugins.
Preloading 0 native plugins for Editor in 0.00 ms.
Unloading 3355 Unused Serialized files (Serialized files now loaded: 0)
System memory in use before: 128.1 MB.
System memory in use after: 128.3 MB.

Unloading 21 unused Assets to reduce memory usage. Loaded Objects now: 3806.
Total: 2.392600 ms (FindLiveObjects: 0.268900 ms CreateObjectMapping: 0.189300 ms MarkObjects: 1.868500 ms  DeleteObjects: 0.065200 ms)

========================================================================
Received Prepare
Default GameObject Tag: Ground already registered

Refreshing native plugins compatible for Editor in 3.19 ms, found 2 plugins.
Preloading 0 native plugins for Editor in 0.00 ms.
Unloading 12 Unused Serialized files (Serialized files now loaded: 0)
System memory in use before: 61.2 MB.
System memory in use after: 61.5 MB.

Unloading 12 unused Assets to reduce memory usage. Loaded Objects now: 3806.
Total: 4.653700 ms (FindLiveObjects: 0.460600 ms CreateObjectMapping: 0.234400 ms MarkObjects: 3.871000 ms  DeleteObjects: 0.086300 ms)

========================================================================
Received Prepare
Default GameObject Tag: Ground already registered

Registering precompiled user dll's ...
Registered in 0.004028 seconds.
Begin MonoManager ReloadAssembly
Native extension for WindowsStandalone target not found
Native extension for WebGL target not found
Refreshing native plugins compatible for Editor in 1.02 ms, found 2 plugins.
Preloading 0 native plugins for Editor in 0.00 ms.
Mono: successfully reloaded assembly
- Completed reload, in  1.021 seconds
Platform modules already initialized, skipping
Refreshing native plugins compatible for Editor in 1.09 ms, found 2 plugins.
Preloading 0 native plugins for Editor in 0.00 ms.
Unloading 3344 Unused Serialized files (Serialized files now loaded: 0)
System memory in use before: 127.6 MB.
System memory in use after: 127.8 MB.

Unloading 14 unused Assets to reduce memory usage. Loaded Objects now: 3809.
Total: 3.958400 ms (FindLiveObjects: 0.922200 ms CreateObjectMapping: 0.459400 ms MarkObjects: 2.494600 ms  DeleteObjects: 0.080200 ms)

========================================================================
Received Prepare
Default GameObject Tag: Ground already registered

Registering precompiled user dll's ...
Registered in 0.006133 seconds.
Begin MonoManager ReloadAssembly
Native extension for WindowsStandalone target not found
Native extension for WebGL target not found
Refreshing native plugins compatible for Editor in 2.15 ms, found 2 plugins.
Preloading 0 native plugins for Editor in 0.00 ms.
Mono: successfully reloaded assembly
- Completed reload, in  1.663 seconds
Platform modules already initialized, skipping
Refreshing native plugins compatible for Editor in 1.08 ms, found 2 plugins.
Preloading 0 native plugins for Editor in 0.00 ms.
Unloading 3344 Unused Serialized files (Serialized files now loaded: 0)
System memory in use before: 127.7 MB.
System memory in use after: 127.9 MB.

Unloading 14 unused Assets to reduce memory usage. Loaded Objects now: 3812.
Total: 3.901300 ms (FindLiveObjects: 0.514500 ms CreateObjectMapping: 0.295400 ms MarkObjects: 2.901900 ms  DeleteObjects: 0.187300 ms)

========================================================================
Received Prepare
Default GameObject Tag: Ground already registered

Registering precompiled user dll's ...
Registered in 0.002961 seconds.
Begin MonoManager ReloadAssembly
Native extension for WindowsStandalone target not found
Native extension for WebGL target not found
Refreshing native plugins compatible for Editor in 0.64 ms, found 2 plugins.
Preloading 0 native plugins for Editor in 0.00 ms.
Mono: successfully reloaded assembly
- Completed reload, in  1.033 seconds
Platform modules already initialized, skipping
Refreshing native plugins compatible for Editor in 0.61 ms, found 2 plugins.
Preloading 0 native plugins for Editor in 0.00 ms.
Unloading 3344 Unused Serialized files (Serialized files now loaded: 0)
System memory in use before: 127.7 MB.
System memory in use after: 127.9 MB.

Unloading 14 unused Assets to reduce memory usage. Loaded Objects now: 3815.
Total: 2.531200 ms (FindLiveObjects: 0.308600 ms CreateObjectMapping: 0.188300 ms MarkObjects: 1.984400 ms  DeleteObjects: 0.048100 ms)

========================================================================
Received Prepare
Default GameObject Tag: Ground already registered

Registering precompiled user dll's ...
Registered in 0.004671 seconds.
Begin MonoManager ReloadAssembly
Native extension for WindowsStandalone target not found
Native extension for WebGL target not found
Refreshing native plugins compatible for Editor in 0.61 ms, found 2 plugins.
Preloading 0 native plugins for Editor in 0.00 ms.
Mono: successfully reloaded assembly
- Completed reload, in  0.909 seconds
Platform modules already initialized, skipping
Refreshing native plugins compatible for Editor in 1.09 ms, found 2 plugins.
Preloading 0 native plugins for Editor in 0.00 ms.
Unloading 3344 Unused Serialized files (Serialized files now loaded: 0)
System memory in use before: 127.7 MB.
System memory in use after: 127.9 MB.

Unloading 14 unused Assets to reduce memory usage. Loaded Objects now: 3818.
Total: 3.891900 ms (FindLiveObjects: 0.417300 ms CreateObjectMapping: 0.886100 ms MarkObjects: 2.533900 ms  DeleteObjects: 0.053100 ms)

========================================================================
Received Prepare
Default GameObject Tag: Ground already registered

Registering precompiled user dll's ...
Registered in 0.003588 seconds.
Begin MonoManager ReloadAssembly
Native extension for WindowsStandalone target not found
Native extension for WebGL target not found
Refreshing native plugins compatible for Editor in 1.21 ms, found 2 plugins.
Preloading 0 native plugins for Editor in 0.00 ms.
Mono: successfully reloaded assembly
- Completed reload, in  1.035 seconds
Platform modules already initialized, skipping
Refreshing native plugins compatible for Editor in 0.62 ms, found 2 plugins.
Preloading 0 native plugins for Editor in 0.00 ms.
Unloading 3344 Unused Serialized files (Serialized files now loaded: 0)
System memory in use before: 127.7 MB.
System memory in use after: 127.9 MB.

Unloading 14 unused Assets to reduce memory usage. Loaded Objects now: 3821.
Total: 3.908600 ms (FindLiveObjects: 0.372600 ms CreateObjectMapping: 0.260600 ms MarkObjects: 3.207000 ms  DeleteObjects: 0.067400 ms)

========================================================================
Received Prepare
Default GameObject Tag: Ground already registered

Registering precompiled user dll's ...
Registered in 0.003665 seconds.
Begin MonoManager ReloadAssembly
Native extension for WindowsStandalone target not found
Native extension for WebGL target not found
Refreshing native plugins compatible for Editor in 0.75 ms, found 2 plugins.
Preloading 0 native plugins for Editor in 0.00 ms.
Mono: successfully reloaded assembly
- Completed reload, in  0.914 seconds
Platform modules already initialized, skipping
Refreshing native plugins compatible for Editor in 0.78 ms, found 2 plugins.
Preloading 0 native plugins for Editor in 0.00 ms.
Unloading 3344 Unused Serialized files (Serialized files now loaded: 0)
System memory in use before: 127.7 MB.
System memory in use after: 127.9 MB.

Unloading 14 unused Assets to reduce memory usage. Loaded Objects now: 3824.
Total: 2.594700 ms (FindLiveObjects: 0.300900 ms CreateObjectMapping: 0.193900 ms MarkObjects: 2.052800 ms  DeleteObjects: 0.045800 ms)

========================================================================
Received Prepare
Default GameObject Tag: Ground already registered

Registering precompiled user dll's ...
Registered in 0.003633 seconds.
Begin MonoManager ReloadAssembly
Native extension for WindowsStandalone target not found
Native extension for WebGL target not found
Refreshing native plugins compatible for Editor in 0.60 ms, found 2 plugins.
Preloading 0 native plugins for Editor in 0.00 ms.
Mono: successfully reloaded assembly
- Completed reload, in  1.073 seconds
Platform modules already initialized, skipping
Refreshing native plugins compatible for Editor in 0.94 ms, found 2 plugins.
Preloading 0 native plugins for Editor in 0.00 ms.
Unloading 3344 Unused Serialized files (Serialized files now loaded: 0)
System memory in use before: 127.7 MB.
System memory in use after: 127.9 MB.

Unloading 14 unused Assets to reduce memory usage. Loaded Objects now: 3827.
Total: 2.777200 ms (FindLiveObjects: 0.467000 ms CreateObjectMapping: 0.337700 ms MarkObjects: 1.916000 ms  DeleteObjects: 0.055300 ms)

========================================================================
Received Prepare
Default GameObject Tag: Ground already registered

Registering precompiled user dll's ...
Registered in 0.002850 seconds.
Begin MonoManager ReloadAssembly
Native extension for WindowsStandalone target not found
Native extension for WebGL target not found
Refreshing native plugins compatible for Editor in 0.78 ms, found 2 plugins.
Preloading 0 native plugins for Editor in 0.00 ms.
Mono: successfully reloaded assembly
- Completed reload, in  1.480 seconds
Platform modules already initialized, skipping
Refreshing native plugins compatible for Editor in 0.82 ms, found 2 plugins.
Preloading 0 native plugins for Editor in 0.00 ms.
Unloading 3344 Unused Serialized files (Serialized files now loaded: 0)
System memory in use before: 127.7 MB.
System memory in use after: 127.9 MB.

Unloading 14 unused Assets to reduce memory usage. Loaded Objects now: 3830.
Total: 3.355200 ms (FindLiveObjects: 0.632600 ms CreateObjectMapping: 0.228600 ms MarkObjects: 2.445100 ms  DeleteObjects: 0.047100 ms)

========================================================================
Received Prepare
Default GameObject Tag: Ground already registered

Refreshing native plugins compatible for Editor in 3.10 ms, found 2 plugins.
Preloading 0 native plugins for Editor in 0.00 ms.
Unloading 12 Unused Serialized files (Serialized files now loaded: 0)
System memory in use before: 61.6 MB.
System memory in use after: 61.8 MB.

Unloading 12 unused Assets to reduce memory usage. Loaded Objects now: 3830.
Total: 4.004000 ms (FindLiveObjects: 0.444300 ms CreateObjectMapping: 0.267600 ms MarkObjects: 3.173800 ms  DeleteObjects: 0.116900 ms)

========================================================================
Received Prepare
Default GameObject Tag: Ground already registered

Refreshing native plugins compatible for Editor in 3.53 ms, found 2 plugins.
Preloading 0 native plugins for Editor in 0.00 ms.
Unloading 12 Unused Serialized files (Serialized files now loaded: 0)
System memory in use before: 61.6 MB.
System memory in use after: 61.8 MB.

Unloading 12 unused Assets to reduce memory usage. Loaded Objects now: 3830.
Total: 7.163300 ms (FindLiveObjects: 1.504900 ms CreateObjectMapping: 0.750900 ms MarkObjects: 4.776500 ms  DeleteObjects: 0.122700 ms)

========================================================================
Received Prepare
Default GameObject Tag: Ground already registered

Refreshing native plugins compatible for Editor in 2.65 ms, found 2 plugins.
Preloading 0 native plugins for Editor in 0.00 ms.
Unloading 12 Unused Serialized files (Serialized files now loaded: 0)
System memory in use before: 61.6 MB.
System memory in use after: 61.8 MB.

Unloading 12 unused Assets to reduce memory usage. Loaded Objects now: 3830.
Total: 3.771600 ms (FindLiveObjects: 0.756600 ms CreateObjectMapping: 0.209600 ms MarkObjects: 2.753000 ms  DeleteObjects: 0.051000 ms)

========================================================================
Received Prepare
Default GameObject Tag: Ground already registered

Refreshing native plugins compatible for Editor in 3.32 ms, found 2 plugins.
Preloading 0 native plugins for Editor in 0.00 ms.
Unloading 12 Unused Serialized files (Serialized files now loaded: 0)
System memory in use before: 61.6 MB.
System memory in use after: 61.8 MB.

Unloading 12 unused Assets to reduce memory usage. Loaded Objects now: 3830.
Total: 2.895600 ms (FindLiveObjects: 0.384500 ms CreateObjectMapping: 0.218400 ms MarkObjects: 2.238900 ms  DeleteObjects: 0.052800 ms)

========================================================================
Received Import Request.
  path: Assets/Scenes/BattleGround.unity
  artifactKey: Guid(3305fb083562cc9419f2483352f5d03b) Importer(815301076,1909f56bfc062723c751e8b465ee728b)
Start importing Assets/Scenes/BattleGround.unity using Guid(3305fb083562cc9419f2483352f5d03b) Importer(815301076,1909f56bfc062723c751e8b465ee728b)  -> (artifact id: 'd300534edc3b1069700ab658863e5b6d') in 0.020488 seconds 
========================================================================
Received Import Request.
  Time since last request: 11.135869 seconds.
  path: Assets/Scenes/Dojo.unity
  artifactKey: Guid(9fc0d4010bbf28b4594072e72b8655ab) Importer(815301076,1909f56bfc062723c751e8b465ee728b)
Start importing Assets/Scenes/Dojo.unity using Guid(9fc0d4010bbf28b4594072e72b8655ab) Importer(815301076,1909f56bfc062723c751e8b465ee728b)  -> (artifact id: 'b8a6722abd8c26a5b36201987425feca') in 0.009565 seconds 
========================================================================
Received Prepare
Default GameObject Tag: Ground already registered

Refreshing native plugins compatible for Editor in 4.65 ms, found 2 plugins.
Preloading 0 native plugins for Editor in 0.00 ms.
Unloading 12 Unused Serialized files (Serialized files now loaded: 0)
System memory in use before: 61.7 MB.
System memory in use after: 61.9 MB.

Unloading 12 unused Assets to reduce memory usage. Loaded Objects now: 3830.
Total: 3.386400 ms (FindLiveObjects: 0.353300 ms CreateObjectMapping: 0.216400 ms MarkObjects: 2.767500 ms  DeleteObjects: 0.048300 ms)

